<?xml version="1.0" encoding="UTF-8"?>
<!-- Generated by org.testng.reporters.JUnitReportReporter -->
<testsuite hostname="LAPTOP-PP59720V" name="com.tcs.ExcelReadDP" tests="4" failures="0" timestamp="22 Jan 2023 02:16:38 GMT" time="12.644" errors="0">
  <testcase name="excelread" time="2.885" classname="com.tcs.ExcelReadDP"/>
  <testcase name="excelread" time="3.901" classname="com.tcs.ExcelReadDP"/>
  <testcase name="excelread" time="2.882" classname="com.tcs.ExcelReadDP"/>
  <testcase name="excelread" time="2.976" classname="com.tcs.ExcelReadDP"/>
</testsuite> <!-- com.tcs.ExcelReadDP -->
